Flutter crash report; please file at https://github.com/flutter/flutter/issues.

## command

flutter build bundle --target F:\flutter\ts\zhihu\lib\main.dart --target-platform android-arm64 --filesystem-scheme org-dartlang-root --track-widget-creation --depfile F:\flutter\ts\zhihu\build\app\intermediates\flutter\debug\android-arm64/snapshot_blob.bin.d --asset-dir F:\flutter\ts\zhihu\build\app\intermediates\flutter\debug\android-arm64/flutter_assets --debug

## exception

ArgumentError: Invalid argument(s): Uri image:/favicon.png must have scheme 'file:'.

```
#0      WindowsStyle.pathFromUri (package:path/src/style/windows.dart:75:7)
#1      Context.fromUri (package:path/src/context.dart:985:32)
#2      _resolveAsset (package:flutter_tools/src/asset.dart:665:36)
#3      _parseAssetFromFile (package:flutter_tools/src/asset.dart:633:24)
#4      _parseAssets (package:flutter_tools/src/asset.dart:564:7)
#5      _ManifestAssetBundle.build (package:flutter_tools/src/asset.dart:143:53)
<asynchronous suspension>
#6      buildAssets (package:flutter_tools/src/bundle.dart:137:40)
<asynchronous suspension>
#7      BundleBuilder.build (package:flutter_tools/src/bundle.dart:106:38)
<asynchronous suspension>
#8      BuildBundleCommand.runCommand (package:flutter_tools/src/commands/build_bundle.dart:119:25)
<asynchronous suspension>
#9      FlutterCommand.verifyThenRunCommand (package:flutter_tools/src/runner/flutter_command.dart:490:18)
<asynchronous suspension>
#10     FlutterCommand.run.<anonymous closure> (package:flutter_tools/src/runner/flutter_command.dart:407:33)
<asynchronous suspension>
#11     AppContext.run.<anonymous closure> (package:flutter_tools/src/base/context.dart:154:29)
<asynchronous suspension>
#12     _rootRun (dart:async/zone.dart:1124:13)
#13     _CustomZone.run (dart:async/zone.dart:1021:19)
#14     _runZoned (dart:async/zone.dart:1516:10)
#15     runZoned (dart:async/zone.dart:1463:12)
#16     AppContext.run (package:flutter_tools/src/base/context.dart:153:18)
<asynchronous suspension>
#17     FlutterCommand.run (package:flutter_tools/src/runner/flutter_command.dart:397:20)
#18     CommandRunner.runCommand (package:args/command_runner.dart:197:27)
<asynchronous suspension>
#19     FlutterCommandRunner.runCommand.<anonymous closure> (package:flutter_tools/src/runner/flutter_command_runner.dart:402:21)
<asynchronous suspension>
#20     AppContext.run.<anonymous closure> (package:flutter_tools/src/base/context.dart:154:29)
<asynchronous suspension>
#21     _rootRun (dart:async/zone.dart:1124:13)
#22     _CustomZone.run (dart:async/zone.dart:1021:19)
#23     _runZoned (dart:async/zone.dart:1516:10)
#24     runZoned (dart:async/zone.dart:1463:12)
#25     AppContext.run (package:flutter_tools/src/base/context.dart:153:18)
<asynchronous suspension>
#26     FlutterCommandRunner.runCommand (package:flutter_tools/src/runner/flutter_command_runner.dart:356:19)
<asynchronous suspension>
#27     CommandRunner.run.<anonymous closure> (package:args/command_runner.dart:112:25)
#28     new Future.sync (dart:async/future.dart:224:31)
#29     CommandRunner.run (package:args/command_runner.dart:112:14)
#30     FlutterCommandRunner.run (package:flutter_tools/src/runner/flutter_command_runner.dart:242:18)
#31     run.<anonymous closure>.<anonymous closure> (package:flutter_tools/runner.dart:63:22)
<asynchronous suspension>
#32     _rootRun (dart:async/zone.dart:1124:13)
#33     _CustomZone.run (dart:async/zone.dart:1021:19)
#34     _runZoned (dart:async/zone.dart:1516:10)
#35     runZoned (dart:async/zone.dart:1500:12)
#36     run.<anonymous closure> (package:flutter_tools/runner.dart:61:18)
<asynchronous suspension>
#37     AppContext.run.<anonymous closure> (package:flutter_tools/src/base/context.dart:154:29)
<asynchronous suspension>
#38     _rootRun (dart:async/zone.dart:1124:13)
#39     _CustomZone.run (dart:async/zone.dart:1021:19)
#40     _runZoned (dart:async/zone.dart:1516:10)
#41     runZoned (dart:async/zone.dart:1463:12)
#42     AppContext.run (package:flutter_tools/src/base/context.dart:153:18)
<asynchronous suspension>
#43     runInContext (package:flutter_tools/src/context_runner.dart:59:24)
<asynchronous suspension>
#44     run (package:flutter_tools/runner.dart:50:10)
#45     main (package:flutter_tools/executable.dart:65:9)
<asynchronous suspension>
#46     main (file:///C:/b/s/w/ir/k/archive/flutter/packages/flutter_tools/bin/flutter_tools.dart:8:3)
#47     _startIsolate.<anonymous closure> (dart:isolate-patch/isolate_patch.dart:303:32)
#48     _RawReceivePortImpl._handleMessage (dart:isolate-patch/isolate_patch.dart:172:12)
```

## flutter doctor

```
[✓] Flutter (Channel stable, v1.9.1+hotfix.6, on Microsoft Windows [Version 6.1.7601], locale zh-CN)
    • Flutter version 1.9.1+hotfix.6 at G:\flutter\flutter_windows_v1.9.1+hotfix.6-stable\flutter
    • Framework revision 68587a0916 (6 weeks ago), 2019-09-13 19:46:58 -0700
    • Engine revision b863200c37
    • Dart version 2.5.0

[!] Android toolchain - develop for Android devices (Android SDK version 28.0.3)
    • Android SDK at C:\Users\Administrator\AppData\Local\Android\Sdk
    • Android NDK location not configured (optional; useful for native profiling support)
    • Platform android-28, build-tools 28.0.3
    • ANDROID_HOME = C:\Users\Administrator\AppData\Local\Android\Sdk
    • Java binary at: E:\androidstudio\jre\bin\java
    • Java version OpenJDK Runtime Environment (build 1.8.0_202-release-1483-b03)
    ! Some Android licenses not accepted.  To resolve this, run: flutter doctor --android-licenses

[!] Android Studio (version 3.3)
    • Android Studio at G:\android-studio
    ✗ Flutter plugin not installed; this adds Flutter specific functionality.
    ✗ Dart plugin not installed; this adds Dart specific functionality.
    • Java version OpenJDK Runtime Environment (build 1.8.0_152-release-1248-b01)

[✓] Android Studio (version 3.5)
    • Android Studio at E:\androidstudio
    • Flutter plugin version 40.2.2
    • Dart plugin version 191.8593
    • Java version OpenJDK Runtime Environment (build 1.8.0_202-release-1483-b03)

[!] IntelliJ IDEA Ultimate Edition (version 2016.3)
    • IntelliJ at E:\IntelliJ IDEA 2016.3.1
    ✗ Flutter plugin not installed; this adds Flutter specific functionality.
    ✗ Dart plugin not installed; this adds Dart specific functionality.
    • For information about installing plugins, see
      https://flutter.dev/intellij-setup/#installing-the-plugins
    ✗ This install is older than the minimum recommended version of 2017.1.0.

[✓] VS Code (version 1.39.2)
    • VS Code at C:\Users\Administrator\AppData\Local\Programs\Microsoft VS Code
    • Flutter extension version 3.5.1

[✓] Connected device (2 available)
    • FRD AL00                                  • WTK7N16A18000036    • android-arm64 • Android 7.0 (API 24)
    • Samsung Galaxy S9, 8 0, API 26, 1440x2960 • 192.168.21.101:5555 • android-x86   • Android 8.0.0 (API 26)

! Doctor found issues in 3 categories.
```
